This is pdfTeX, Version 3.14159265-2.6-1.40.18 (TeX Live 2017/Debian) (preloaded format=pdflatex 2018.10.15)  19 DEC 2018 19:10
entering extended mode
 restricted \write18 enabled.
 %&-line parsing enabled.
**informeT6.tex
(./informeT6.tex
LaTeX2e <2017-04-15>
Babel <3.18> and hyphenation patterns for 84 language(s) loaded.
(/usr/share/texlive/texmf-dist/tex/latex/base/article.cls
Document Class: article 2014/09/29 v1.4h Standard LaTeX document class
(/usr/share/texlive/texmf-dist/tex/latex/base/size10.clo
File: size10.clo 2014/09/29 v1.4h Standard LaTeX file (size option)
)
\c@part=\count79
\c@section=\count80
\c@subsection=\count81
\c@subsubsection=\count82
\c@paragraph=\count83
\c@subparagraph=\count84
\c@figure=\count85
\c@table=\count86
\abovecaptionskip=\skip41
\belowcaptionskip=\skip42
\bibindent=\dimen102
)
(/usr/share/texlive/texmf-dist/tex/latex/tools/longtable.sty
Package: longtable 2014/10/28 v4.11 Multi-page Table package (DPC)
\LTleft=\skip43
\LTright=\skip44
\LTpre=\skip45
\LTpost=\skip46
\LTchunksize=\count87
\LTcapwidth=\dimen103
\LT@head=\box26
\LT@firsthead=\box27
\LT@foot=\box28
\LT@lastfoot=\box29
\LT@cols=\count88
\LT@rows=\count89
\c@LT@tables=\count90
\c@LT@chunks=\count91
\LT@p@ftn=\toks14
)
(/usr/share/texlive/texmf-dist/tex/latex/tools/enumerate.sty
Package: enumerate 2015/07/23 v3.00 enumerate extensions (DPC)
\@enLab=\toks15
)
(/usr/share/texlive/texmf-dist/tex/latex/ucs/ucs.sty
Package: ucs 2013/05/11 v2.2 UCS: Unicode input support

(/usr/share/texlive/texmf-dist/tex/latex/ucs/data/uni-global.def
File: uni-global.def 2013/05/13 UCS: Unicode global data
)
\uc@secondtry=\count92
\uc@combtoks=\toks16
\uc@combtoksb=\toks17
\uc@temptokena=\toks18
)
(/usr/share/texlive/texmf-dist/tex/latex/multirow/multirow.sty
Package: multirow 2016/11/25 v2.2 Span multiple rows of a table
\multirow@colwidth=\skip47
\multirow@cntb=\count93
\multirow@dima=\skip48
\bigstrutjot=\dimen104
)
(/usr/share/texlive/texmf-dist/tex/latex/base/inputenc.sty
Package: inputenc 2015/03/17 v1.2c Input encoding file
\inpenc@prehook=\toks19
\inpenc@posthook=\toks20

(/usr/share/texlive/texmf-dist/tex/latex/base/latin1.def
File: latin1.def 2015/03/17 v1.2c Input encoding file
))
(/usr/share/texlive/texmf-dist/tex/generic/babel/babel.sty
Package: babel 2018/02/14 3.18 The Babel package

(/usr/share/texlive/texmf-dist/tex/generic/babel/switch.def
File: switch.def 2018/02/14 3.18 Babel switching mechanism
)
(/usr/share/texlive/texmf-dist/tex/generic/babel-spanish/spanish.ldf
Language: spanish.ldf 2016/03/03 v5.0p Spanish support from the babel system

(/usr/share/texlive/texmf-dist/tex/generic/babel/babel.def
File: babel.def 2018/02/14 3.18 Babel common definitions
\babel@savecnt=\count94
\U@D=\dimen105

(/usr/share/texlive/texmf-dist/tex/generic/babel/txtbabel.def)
\bbl@dirlevel=\count95
)
\es@quottoks=\toks21
\es@quotdepth=\count96
Package babel Info: Making " an active character on input line 561.
Package babel Info: Making . an active character on input line 662.
Package babel Info: Making < an active character on input line 707.
Package babel Info: Making > an active character on input line 707.
))
(/usr/share/texlive/texmf-dist/tex/latex/geometry/geometry.sty
Package: geometry 2010/09/12 v5.6 Page Geometry

(/usr/share/texlive/texmf-dist/tex/latex/graphics/keyval.sty
Package: keyval 2014/10/28 v1.15 key=value parser (DPC)
\KV@toks@=\toks22
)
(/usr/share/texlive/texmf-dist/tex/generic/oberdiek/ifpdf.sty
Package: ifpdf 2017/03/15 v3.2 Provides the ifpdf switch
)
(/usr/share/texlive/texmf-dist/tex/generic/oberdiek/ifvtex.sty
Package: ifvtex 2016/05/16 v1.6 Detect VTeX and its facilities (HO)
Package ifvtex Info: VTeX not detected.
)
(/usr/share/texlive/texmf-dist/tex/generic/ifxetex/ifxetex.sty
Package: ifxetex 2010/09/12 v0.6 Provides ifxetex conditional
)
\Gm@cnth=\count97
\Gm@cntv=\count98
\c@Gm@tempcnt=\count99
\Gm@bindingoffset=\dimen106
\Gm@wd@mp=\dimen107
\Gm@odd@mp=\dimen108
\Gm@even@mp=\dimen109
\Gm@layoutwidth=\dimen110
\Gm@layoutheight=\dimen111
\Gm@layouthoffset=\dimen112
\Gm@layoutvoffset=\dimen113
\Gm@dimlist=\toks23
)
(/usr/share/texlive/texmf-dist/tex/latex/fancyhdr/fancyhdr.sty
Package: fancyhdr 2017/06/30 v3.9a Extensive control of page headers and footer
s
\f@nch@headwidth=\skip49
\f@nch@O@elh=\skip50
\f@nch@O@erh=\skip51
\f@nch@O@olh=\skip52
\f@nch@O@orh=\skip53
\f@nch@O@elf=\skip54
\f@nch@O@erf=\skip55
\f@nch@O@olf=\skip56
\f@nch@O@orf=\skip57
)
(/usr/share/texlive/texmf-dist/tex/latex/fancybox/fancybox.sty
Package: fancybox 2010/05/15 1.4

Style option: `fancybox' v1.4 <2010/05/15> (tvz)
\@fancybox=\box30
\shadowsize=\dimen114
\@Sbox=\box31
\do@VerbBox=\toks24
\the@fancyput=\toks25
\this@fancyput=\toks26
\EndVerbatimTokens=\toks27
\Verbatim@Outfile=\write3
\Verbatim@Infile=\read1
) (/usr/share/texlive/texmf-dist/tex/latex/graphics/graphicx.sty
Package: graphicx 2017/06/01 v1.1a Enhanced LaTeX Graphics (DPC,SPQR)

(/usr/share/texlive/texmf-dist/tex/latex/graphics/graphics.sty
Package: graphics 2017/06/25 v1.2c Standard LaTeX Graphics (DPC,SPQR)

(/usr/share/texlive/texmf-dist/tex/latex/graphics/trig.sty
Package: trig 2016/01/03 v1.10 sin cos tan (DPC)
)
(/usr/share/texlive/texmf-dist/tex/latex/graphics-cfg/graphics.cfg
File: graphics.cfg 2016/06/04 v1.11 sample graphics configuration
)
Package graphics Info: Driver file: pdftex.def on input line 99.

(/usr/share/texlive/texmf-dist/tex/latex/graphics-def/pdftex.def
File: pdftex.def 2018/01/08 v1.0l Graphics/color driver for pdftex
))
\Gin@req@height=\dimen115
\Gin@req@width=\dimen116
)
(/usr/share/texlive/texmf-dist/tex/latex/tools/tabularx.sty
Package: tabularx 2016/02/03 v2.11 `tabularx' package (DPC)

(/usr/share/texlive/texmf-dist/tex/latex/tools/array.sty
Package: array 2016/10/06 v2.4d Tabular extension package (FMi)
\col@sep=\dimen117
\extrarowheight=\dimen118
\NC@list=\toks28
\extratabsurround=\skip58
\backup@length=\skip59
)
\TX@col@width=\dimen119
\TX@old@table=\dimen120
\TX@old@col=\dimen121
\TX@target=\dimen122
\TX@delta=\dimen123
\TX@cols=\count100
\TX@ftn=\toks29
)
(/usr/share/texlive/texmf-dist/tex/latex/base/latexsym.sty
Package: latexsym 1998/08/17 v2.2e Standard LaTeX package (lasy symbols)
\symlasy=\mathgroup4
LaTeX Font Info:    Overwriting symbol font `lasy' in version `bold'
(Font)                  U/lasy/m/n --> U/lasy/b/n on input line 52.
)
(/usr/share/texlive/texmf-dist/tex/latex/amscls/amsthm.sty
Package: amsthm 2017/10/31 v2.20.4
\thm@style=\toks30
\thm@bodyfont=\toks31
\thm@headfont=\toks32
\thm@notefont=\toks33
\thm@headpunct=\toks34
\thm@preskip=\skip60
\thm@postskip=\skip61
\thm@headsep=\skip62
\dth@everypar=\toks35
)
(/usr/share/texlive/texmf-dist/tex/latex/amsmath/amsmath.sty
Package: amsmath 2017/09/02 v2.17a AMS math features
\@mathmargin=\skip63

For additional information on amsmath, use the `?' option.
(/usr/share/texlive/texmf-dist/tex/latex/amsmath/amstext.sty
Package: amstext 2000/06/29 v2.01 AMS text

(/usr/share/texlive/texmf-dist/tex/latex/amsmath/amsgen.sty
File: amsgen.sty 1999/11/30 v2.0 generic functions
\@emptytoks=\toks36
\ex@=\dimen124
))
(/usr/share/texlive/texmf-dist/tex/latex/amsmath/amsbsy.sty
Package: amsbsy 1999/11/29 v1.2d Bold Symbols
\pmbraise@=\dimen125
)
(/usr/share/texlive/texmf-dist/tex/latex/amsmath/amsopn.sty
Package: amsopn 2016/03/08 v2.02 operator names
)
\inf@bad=\count101
LaTeX Info: Redefining \frac on input line 213.
\uproot@=\count102
\leftroot@=\count103
LaTeX Info: Redefining \overline on input line 375.
\classnum@=\count104
\DOTSCASE@=\count105
LaTeX Info: Redefining \ldots on input line 472.
LaTeX Info: Redefining \dots on input line 475.
LaTeX Info: Redefining \cdots on input line 596.
\Mathstrutbox@=\box32
\strutbox@=\box33
\big@size=\dimen126
LaTeX Font Info:    Redeclaring font encoding OML on input line 712.
LaTeX Font Info:    Redeclaring font encoding OMS on input line 713.
\macc@depth=\count106
\c@MaxMatrixCols=\count107
\dotsspace@=\muskip10
\c@parentequation=\count108
\dspbrk@lvl=\count109
\tag@help=\toks37
\row@=\count110
\column@=\count111
\maxfields@=\count112
\andhelp@=\toks38
\eqnshift@=\dimen127
\alignsep@=\dimen128
\tagshift@=\dimen129
\tagwidth@=\dimen130
\totwidth@=\dimen131
\lineht@=\dimen132
\@envbody=\toks39
\multlinegap=\skip64
\multlinetaggap=\skip65
\mathdisplay@stack=\toks40
LaTeX Info: Redefining \[ on input line 2817.
LaTeX Info: Redefining \] on input line 2818.
)
(/usr/share/texlive/texmf-dist/tex/latex/amsfonts/amssymb.sty
Package: amssymb 2013/01/14 v3.01 AMS font symbols

(/usr/share/texlive/texmf-dist/tex/latex/amsfonts/amsfonts.sty
Package: amsfonts 2013/01/14 v3.01 Basic AMSFonts support
\symAMSa=\mathgroup5
\symAMSb=\mathgroup6
LaTeX Font Info:    Overwriting math alphabet `\mathfrak' in version `bold'
(Font)                  U/euf/m/n --> U/euf/b/n on input line 106.
))
(/usr/share/texlive/texmf-dist/tex/latex/booktabs/booktabs.sty
Package: booktabs 2016/04/27 v1.618033 publication quality tables
\heavyrulewidth=\dimen133
\lightrulewidth=\dimen134
\cmidrulewidth=\dimen135
\belowrulesep=\dimen136
\belowbottomsep=\dimen137
\aboverulesep=\dimen138
\abovetopsep=\dimen139
\cmidrulesep=\dimen140
\cmidrulekern=\dimen141
\defaultaddspace=\dimen142
\@cmidla=\count113
\@cmidlb=\count114
\@aboverulesep=\dimen143
\@belowrulesep=\dimen144
\@thisruleclass=\count115
\@lastruleclass=\count116
\@thisrulewidth=\dimen145
)
(/usr/share/texlive/texmf-dist/tex/latex/tabulary/tabulary.sty
Package: tabulary 2014/06/11 v0.10 tabulary package (DPC)
\TY@count=\count117
\TY@linewidth=\dimen146
\tymin=\dimen147
\tymax=\dimen148
\TY@tablewidth=\dimen149
)
(/usr/share/texlive/texmf-dist/tex/latex/subfigure/subfigure.sty
Package: subfigure 2002/03/15 v2.1.5 subfigure package
\subfigtopskip=\skip66
\subfigcapskip=\skip67
\subfigcaptopadj=\dimen150
\subfigbottomskip=\skip68
\subfigcapmargin=\dimen151
\subfiglabelskip=\skip69
\c@subfigure=\count118
\c@lofdepth=\count119
\c@subtable=\count120
\c@lotdepth=\count121

****************************************
* Local config file subfigure.cfg used *
****************************************
(/usr/share/texlive/texmf-dist/tex/latex/subfigure/subfigure.cfg)
\subfig@top=\skip70
\subfig@bottom=\skip71
)
(/usr/share/texlive/texmf-dist/tex/latex/float/float.sty
Package: float 2001/11/08 v1.3d Float enhancements (AL)
\c@float@type=\count122
\float@exts=\toks41
\float@box=\box34
\@float@everytoks=\toks42
\@floatcapt=\box35
)
(/usr/share/texlive/texmf-dist/tex/latex/caption/caption.sty
Package: caption 2016/02/21 v3.3-144 Customizing captions (AR)

(/usr/share/texlive/texmf-dist/tex/latex/caption/caption3.sty
Package: caption3 2016/05/22 v1.7-166 caption3 kernel (AR)
Package caption3 Info: TeX engine: e-TeX on input line 67.
\captionmargin=\dimen152
\captionmargin@=\dimen153
\captionwidth=\dimen154
\caption@tempdima=\dimen155
\caption@indent=\dimen156
\caption@parindent=\dimen157
\caption@hangindent=\dimen158
)
\c@ContinuedFloat=\count123
Package caption Info: float package is loaded.
Package caption Info: longtable package is loaded.

(/usr/share/texlive/texmf-dist/tex/latex/caption/ltcaption.sty
Package: ltcaption 2013/06/09 v1.4-94 longtable captions (AR)
)
Package caption Info: subfigure package is loaded.
)
(/usr/share/texlive/texmf-dist/tex/latex/wrapfig/wrapfig.sty
\wrapoverhang=\dimen159
\WF@size=\dimen160
\c@WF@wrappedlines=\count124
\WF@box=\box36
\WF@everypar=\toks43
Package: wrapfig 2003/01/31  v 3.6
)
(/usr/share/texlive/texmf-dist/tex/latex/listings/listings.sty
\lst@mode=\count125
\lst@gtempboxa=\box37
\lst@token=\toks44
\lst@length=\count126
\lst@currlwidth=\dimen161
\lst@column=\count127
\lst@pos=\count128
\lst@lostspace=\dimen162
\lst@width=\dimen163
\lst@newlines=\count129
\lst@lineno=\count130
\lst@maxwidth=\dimen164

(/usr/share/texlive/texmf-dist/tex/latex/listings/lstmisc.sty
File: lstmisc.sty 2015/06/04 1.6 (Carsten Heinz)
\c@lstnumber=\count131
\lst@skipnumbers=\count132
\lst@framebox=\box38
)
(/usr/share/texlive/texmf-dist/tex/latex/listings/listings.cfg
File: listings.cfg 2015/06/04 1.6 listings configuration
))
Package: listings 2015/06/04 1.6 (Carsten Heinz)

(/usr/share/texlive/texmf-dist/tex/latex/xcolor/xcolor.sty
Package: xcolor 2016/05/11 v2.12 LaTeX color extensions (UK)

(/usr/share/texlive/texmf-dist/tex/latex/graphics-cfg/color.cfg
File: color.cfg 2016/01/02 v1.6 sample color configuration
)
Package xcolor Info: Driver file: pdftex.def on input line 225.
Package xcolor Info: Model `cmy' substituted by `cmy0' on input line 1348.
Package xcolor Info: Model `hsb' substituted by `rgb' on input line 1352.
Package xcolor Info: Model `RGB' extended on input line 1364.
Package xcolor Info: Model `HTML' substituted by `rgb' on input line 1366.
Package xcolor Info: Model `Hsb' substituted by `hsb' on input line 1367.
Package xcolor Info: Model `tHsb' substituted by `hsb' on input line 1368.
Package xcolor Info: Model `HSB' substituted by `hsb' on input line 1369.
Package xcolor Info: Model `Gray' substituted by `gray' on input line 1370.
Package xcolor Info: Model `wave' substituted by `hsb' on input line 1371.
)
(/usr/share/texlive/texmf-dist/tex/latex/hyperref/hyperref.sty
Package: hyperref 2018/02/06 v6.86b Hypertext links for LaTeX

(/usr/share/texlive/texmf-dist/tex/generic/oberdiek/hobsub-hyperref.sty
Package: hobsub-hyperref 2016/05/16 v1.14 Bundle oberdiek, subset hyperref (HO)


(/usr/share/texlive/texmf-dist/tex/generic/oberdiek/hobsub-generic.sty
Package: hobsub-generic 2016/05/16 v1.14 Bundle oberdiek, subset generic (HO)
Package: hobsub 2016/05/16 v1.14 Construct package bundles (HO)
Package: infwarerr 2016/05/16 v1.4 Providing info/warning/error messages (HO)
Package: ltxcmds 2016/05/16 v1.23 LaTeX kernel commands for general use (HO)
Package: ifluatex 2016/05/16 v1.4 Provides the ifluatex switch (HO)
Package ifluatex Info: LuaTeX not detected.
Package hobsub Info: Skipping package `ifvtex' (already loaded).
Package: intcalc 2016/05/16 v1.2 Expandable calculations with integers (HO)
Package hobsub Info: Skipping package `ifpdf' (already loaded).
Package: etexcmds 2016/05/16 v1.6 Avoid name clashes with e-TeX commands (HO)
Package etexcmds Info: Could not find \expanded.
(etexcmds)             That can mean that you are not using pdfTeX 1.50 or
(etexcmds)             that some package has redefined \expanded.
(etexcmds)             In the latter case, load this package earlier.
Package: kvsetkeys 2016/05/16 v1.17 Key value parser (HO)
Package: kvdefinekeys 2016/05/16 v1.4 Define keys (HO)
Package: pdftexcmds 2018/01/21 v0.26 Utility functions of pdfTeX for LuaTeX (HO
)
Package pdftexcmds Info: LuaTeX not detected.
Package pdftexcmds Info: \pdf@primitive is available.
Package pdftexcmds Info: \pdf@ifprimitive is available.
Package pdftexcmds Info: \pdfdraftmode found.
Package: pdfescape 2016/05/16 v1.14 Implements pdfTeX's escape features (HO)
Package: bigintcalc 2016/05/16 v1.4 Expandable calculations on big integers (HO
)
Package: bitset 2016/05/16 v1.2 Handle bit-vector datatype (HO)
Package: uniquecounter 2016/05/16 v1.3 Provide unlimited unique counter (HO)
)
Package hobsub Info: Skipping package `hobsub' (already loaded).
Package: letltxmacro 2016/05/16 v1.5 Let assignment for LaTeX macros (HO)
Package: hopatch 2016/05/16 v1.3 Wrapper for package hooks (HO)
Package: xcolor-patch 2016/05/16 xcolor patch
Package: atveryend 2016/05/16 v1.9 Hooks at the very end of document (HO)
Package atveryend Info: \enddocument detected (standard20110627).
Package: atbegshi 2016/06/09 v1.18 At begin shipout hook (HO)
Package: refcount 2016/05/16 v3.5 Data extraction from label references (HO)
Package: hycolor 2016/05/16 v1.8 Color options for hyperref/bookmark (HO)
)
(/usr/share/texlive/texmf-dist/tex/latex/oberdiek/auxhook.sty
Package: auxhook 2016/05/16 v1.4 Hooks for auxiliary files (HO)
)
(/usr/share/texlive/texmf-dist/tex/latex/oberdiek/kvoptions.sty
Package: kvoptions 2016/05/16 v3.12 Key value format for package options (HO)
)
\@linkdim=\dimen165
\Hy@linkcounter=\count133
\Hy@pagecounter=\count134

(/usr/share/texlive/texmf-dist/tex/latex/hyperref/pd1enc.def
File: pd1enc.def 2018/02/06 v6.86b Hyperref: PDFDocEncoding definition (HO)
)
\Hy@SavedSpaceFactor=\count135

(/usr/share/texlive/texmf-dist/tex/latex/latexconfig/hyperref.cfg
File: hyperref.cfg 2002/06/06 v1.2 hyperref configuration of TeXLive
)
Package hyperref Info: Hyper figures OFF on input line 4509.
Package hyperref Info: Link nesting OFF on input line 4514.
Package hyperref Info: Hyper index ON on input line 4517.
Package hyperref Info: Plain pages OFF on input line 4524.
Package hyperref Info: Backreferencing OFF on input line 4529.
Package hyperref Info: Implicit mode ON; LaTeX internals redefined.
Package hyperref Info: Bookmarks ON on input line 4762.
\c@Hy@tempcnt=\count136

(/usr/share/texlive/texmf-dist/tex/latex/url/url.sty
\Urlmuskip=\muskip11
Package: url 2013/09/16  ver 3.4  Verb mode for urls, etc.
)
LaTeX Info: Redefining \url on input line 5115.
\XeTeXLinkMargin=\dimen166
\Fld@menulength=\count137
\Field@Width=\dimen167
\Fld@charsize=\dimen168
Package hyperref Info: Hyper figures OFF on input line 6369.
Package hyperref Info: Link nesting OFF on input line 6374.
Package hyperref Info: Hyper index ON on input line 6377.
Package hyperref Info: backreferencing OFF on input line 6384.
Package hyperref Info: Link coloring OFF on input line 6389.
Package hyperref Info: Link coloring with OCG OFF on input line 6394.
Package hyperref Info: PDF/A mode OFF on input line 6399.
LaTeX Info: Redefining \ref on input line 6439.
LaTeX Info: Redefining \pageref on input line 6443.
\Hy@abspage=\count138
\c@Item=\count139
\c@Hfootnote=\count140
)
Package hyperref Info: Driver: hpdftex.

(/usr/share/texlive/texmf-dist/tex/latex/hyperref/hpdftex.def
File: hpdftex.def 2018/02/06 v6.86b Hyperref driver for pdfTeX
\Fld@listcount=\count141
\c@bookmark@seq@number=\count142

(/usr/share/texlive/texmf-dist/tex/latex/oberdiek/rerunfilecheck.sty
Package: rerunfilecheck 2016/05/16 v1.8 Rerun checks for auxiliary files (HO)
Package uniquecounter Info: New unique counter `rerunfilecheck' on input line 2
82.
)
\Hy@SectionHShift=\skip72
)

Package hyperref Warning: Option `bookmarks' has already been used,
(hyperref)                setting the option has no effect on input line 43.

Package hyperref Info: Option `unicode' set `true' on input line 43.
(/usr/share/texlive/texmf-dist/tex/latex/hyperref/puenc.def
File: puenc.def 2018/02/06 v6.86b Hyperref: PDF Unicode definition (HO)
)
(/usr/share/texlive/texmf-dist/tex/latex/base/ulasy.fd
File: ulasy.fd 1998/08/17 v2.2e LaTeX symbol font definitions
)
(/usr/share/texlive/texmf-dist/tex/latex/amsfonts/umsa.fd
File: umsa.fd 2013/01/14 v3.01 AMS symbols A
)
(/usr/share/texlive/texmf-dist/tex/latex/amsfonts/umsb.fd
File: umsb.fd 2013/01/14 v3.01 AMS symbols B
)
Package hyperref Info: Option `pdfnewwindow' set `true' on input line 43.
Package hyperref Info: Option `colorlinks' set `true' on input line 43.
Package hyperref Info: Option `linktocpage' set `true' on input line 43.


Package hyperref Warning: Option `pagecolor' is not available anymore.

\@indexfile=\write4
\openout4 = `informeT6.idx'.

Writing index file informeT6.idx
(build/informeT6.aux
LaTeX Info: Redefining \. on input line 23.
LaTeX Info: Redefining \% on input line 23.
)
\openout1 = `informeT6.aux'.

LaTeX Font Info:    Checking defaults for OML/cmm/m/it on input line 61.
LaTeX Font Info:    ... okay on input line 61.
LaTeX Font Info:    Checking defaults for T1/cmr/m/n on input line 61.
LaTeX Font Info:    ... okay on input line 61.
LaTeX Font Info:    Checking defaults for OT1/cmr/m/n on input line 61.
LaTeX Font Info:    ... okay on input line 61.
LaTeX Font Info:    Checking defaults for OMS/cmsy/m/n on input line 61.
LaTeX Font Info:    ... okay on input line 61.
LaTeX Font Info:    Checking defaults for OMX/cmex/m/n on input line 61.
LaTeX Font Info:    ... okay on input line 61.
LaTeX Font Info:    Checking defaults for U/cmr/m/n on input line 61.
LaTeX Font Info:    ... okay on input line 61.
LaTeX Font Info:    Checking defaults for PD1/pdf/m/n on input line 61.
LaTeX Font Info:    ... okay on input line 61.
LaTeX Font Info:    Checking defaults for PU/pdf/m/n on input line 61.
LaTeX Font Info:    ... okay on input line 61.
 (/usr/share/texlive/texmf-dist/tex/latex/ucs/ucsencs.def
File: ucsencs.def 2011/01/21 Fixes to fontencodings LGR, T3
)
LaTeX Info: Redefining \. on input line 61.
LaTeX Info: Redefining \% on input line 61.
*geometry* driver: auto-detecting
*geometry* detected driver: pdftex
*geometry* verbose mode - [ preamble ] result:
* driver: pdftex
* paper: letterpaper
* layout: <same size as paper>
* layoutoffset:(h,v)=(0.0pt,0.0pt)
* modes: 
* h-part:(L,W,R)=(62.59596pt, 489.10307pt, 62.59596pt)
* v-part:(T,H,B)=(62.59596pt, 669.77806pt, 62.59596pt)
* \paperwidth=614.295pt
* \paperheight=794.96999pt
* \textwidth=489.10307pt
* \textheight=669.77806pt
* \oddsidemargin=-9.67403pt
* \evensidemargin=-9.67403pt
* \topmargin=-55.81725pt
* \headheight=12.0pt
* \headsep=34.14322pt
* \topskip=10.0pt
* \footskip=34.14322pt
* \marginparwidth=65.0pt
* \marginparsep=11.0pt
* \columnsep=10.0pt
* \skip\footins=9.0pt plus 4.0pt minus 2.0pt
* \hoffset=0.0pt
* \voffset=0.0pt
* \mag=1000
* \@twocolumnfalse
* \@twosidefalse
* \@mparswitchfalse
* \@reversemarginfalse
* (1in=72.27pt=25.4mm, 1cm=28.453pt)

(/usr/share/texlive/texmf-dist/tex/context/base/mkii/supp-pdf.mkii
[Loading MPS to PDF converter (version 2006.09.02).]
\scratchcounter=\count143
\scratchdimen=\dimen169
\scratchbox=\box39
\nofMPsegments=\count144
\nofMParguments=\count145
\everyMPshowfont=\toks45
\MPscratchCnt=\count146
\MPscratchDim=\dimen170
\MPnumerator=\count147
\makeMPintoPDFobject=\count148
\everyMPtoPDFconversion=\toks46
) (/usr/share/texlive/texmf-dist/tex/latex/oberdiek/epstopdf-base.sty
Package: epstopdf-base 2016/05/15 v2.6 Base part for package epstopdf

(/usr/share/texlive/texmf-dist/tex/latex/oberdiek/grfext.sty
Package: grfext 2016/05/16 v1.2 Manage graphics extensions (HO)
)
Package epstopdf-base Info: Redefining graphics rule for `.eps' on input line 4
38.
Package grfext Info: Graphics extension search list:
(grfext)             [.pdf,.png,.jpg,.mps,.jpeg,.jbig2,.jb2,.PDF,.PNG,.JPG,.JPE
G,.JBIG2,.JB2,.eps]
(grfext)             \AppendGraphicsExtensions on input line 456.

(/usr/share/texlive/texmf-dist/tex/latex/latexconfig/epstopdf-sys.cfg
File: epstopdf-sys.cfg 2010/07/13 v1.3 Configuration of (r)epstopdf for TeX Liv
e
))
Package caption Info: Begin \AtBeginDocument code.
Package caption Info: hyperref package is loaded.
Package caption Info: listings package is loaded.
Package caption Info: wrapfig package is loaded.
Package caption Info: End \AtBeginDocument code.
\c@lstlisting=\count149
\AtBeginShipoutBox=\box40
Package hyperref Info: Link coloring ON on input line 61.

(/usr/share/texlive/texmf-dist/tex/latex/hyperref/nameref.sty
Package: nameref 2016/05/21 v2.44 Cross-referencing by name of section

(/usr/share/texlive/texmf-dist/tex/generic/oberdiek/gettitlestring.sty
Package: gettitlestring 2016/05/16 v1.5 Cleanup title references (HO)
)
\c@section@level=\count150
)
LaTeX Info: Redefining \ref on input line 61.
LaTeX Info: Redefining \pageref on input line 61.
LaTeX Info: Redefining \nameref on input line 61.

(build/informeT6.out) (build/informeT6.out)
\@outlinefile=\write5
\openout5 = `informeT6.out'.

<./imagenes/logo.png, id=20, 242.9075pt x 303.1325pt>
File: ./imagenes/logo.png Graphic file (type png)
<use ./imagenes/logo.png>
Package pdftex.def Info: ./imagenes/logo.png  used on input line 98.
(pdftex.def)             Requested size: 42.67912pt x 53.25713pt.
Package babel Info: Redefining spanish shorthand <<
(babel)             in language  on input line 126.
Package babel Info: Redefining spanish shorthand >>
(babel)             in language  on input line 126.
Package babel Info: Redefining spanish shorthand "=
(babel)             in language  on input line 126.
Package babel Info: Redefining spanish shorthand "~
(babel)             in language  on input line 126.
Package babel Info: Redefining spanish shorthand "!
(babel)             in language  on input line 126.
Package babel Info: Redefining spanish shorthand "?
(babel)             in language  on input line 126.
Package babel Info: Redefining spanish shorthand <<
(babel)             in language  on input line 126.
Package babel Info: Redefining spanish shorthand >>
(babel)             in language  on input line 126.
Package babel Info: Redefining spanish shorthand "=
(babel)             in language  on input line 126.
Package babel Info: Redefining spanish shorthand "~
(babel)             in language  on input line 126.
Package babel Info: Redefining spanish shorthand "!
(babel)             in language  on input line 126.
Package babel Info: Redefining spanish shorthand "?
(babel)             in language  on input line 126.
 [1

{/var/lib/texmf/fonts/map/pdftex/updmap/pdftex.map} <./imagenes/logo.png>]
Package babel Info: Redefining spanish shorthand <<
(babel)             in language  on input line 144.
Package babel Info: Redefining spanish shorthand >>
(babel)             in language  on input line 144.
Package babel Info: Redefining spanish shorthand "=
(babel)             in language  on input line 144.
Package babel Info: Redefining spanish shorthand "~
(babel)             in language  on input line 144.
Package babel Info: Redefining spanish shorthand "!
(babel)             in language  on input line 144.
Package babel Info: Redefining spanish shorthand "?
(babel)             in language  on input line 144.

Underfull \hbox (badness 10000) in paragraph at lines 145--146

 []


Underfull \hbox (badness 10000) in paragraph at lines 147--148

 []


Underfull \hbox (badness 10000) in paragraph at lines 149--150

 []

Package babel Info: Redefining spanish shorthand <<
(babel)             in language  on input line 151.
Package babel Info: Redefining spanish shorthand >>
(babel)             in language  on input line 151.
Package babel Info: Redefining spanish shorthand "=
(babel)             in language  on input line 151.
Package babel Info: Redefining spanish shorthand "~
(babel)             in language  on input line 151.
Package babel Info: Redefining spanish shorthand "!
(babel)             in language  on input line 151.
Package babel Info: Redefining spanish shorthand "?
(babel)             in language  on input line 151.
LaTeX Font Info:    Font shape `OT1/cmtt/bx/n' in size <10> not available
(Font)              Font shape `OT1/cmtt/m/n' tried instead on input line 155.

Underfull \hbox (badness 10000) in paragraph at lines 155--156

 []

(/usr/share/texlive/texmf-dist/tex/latex/listings/lstlang1.sty
File: lstlang1.sty 2015/06/04 1.6 listings language file
)
(/usr/share/texlive/texmf-dist/tex/latex/listings/lstlang1.sty
File: lstlang1.sty 2015/06/04 1.6 listings language file
)
(/usr/share/texlive/texmf-dist/tex/latex/listings/lstmisc.sty
File: lstmisc.sty 2015/06/04 1.6 (Carsten Heinz)
)
(./codes/tarea6.cpp)
Underfull \hbox (badness 10000) in paragraph at lines 164--165

 []


Underfull \hbox (badness 10000) in paragraph at lines 166--167

 []

Package babel Info: Redefining spanish shorthand <<
(babel)             in language  on input line 168.
Package babel Info: Redefining spanish shorthand >>
(babel)             in language  on input line 168.
Package babel Info: Redefining spanish shorthand "=
(babel)             in language  on input line 168.
Package babel Info: Redefining spanish shorthand "~
(babel)             in language  on input line 168.
Package babel Info: Redefining spanish shorthand "!
(babel)             in language  on input line 168.
Package babel Info: Redefining spanish shorthand "?
(babel)             in language  on input line 168.
Package babel Info: Redefining spanish shorthand <<
(babel)             in language  on input line 168.
Package babel Info: Redefining spanish shorthand >>
(babel)             in language  on input line 168.
Package babel Info: Redefining spanish shorthand "=
(babel)             in language  on input line 168.
Package babel Info: Redefining spanish shorthand "~
(babel)             in language  on input line 168.
Package babel Info: Redefining spanish shorthand "!
(babel)             in language  on input line 168.
Package babel Info: Redefining spanish shorthand "?
(babel)             in language  on input line 168.
pdfTeX warning (ext4): destination with the same identifier (name{page.1}) has 
been already used, duplicate ignored
<to be read again> 
                   \relax 
l.168 E
       sto a su vez ocasionó que no pudiera rotarse el rotor cuando, luego d...
[1]
Package babel Info: Redefining spanish shorthand <<
(babel)             in language  on input line 177.
Package babel Info: Redefining spanish shorthand >>
(babel)             in language  on input line 177.
Package babel Info: Redefining spanish shorthand "=
(babel)             in language  on input line 177.
Package babel Info: Redefining spanish shorthand "~
(babel)             in language  on input line 177.
Package babel Info: Redefining spanish shorthand "!
(babel)             in language  on input line 177.
Package babel Info: Redefining spanish shorthand "?
(babel)             in language  on input line 177.
Package babel Info: Redefining spanish shorthand <<
(babel)             in language  on input line 177.
Package babel Info: Redefining spanish shorthand >>
(babel)             in language  on input line 177.
Package babel Info: Redefining spanish shorthand "=
(babel)             in language  on input line 177.
Package babel Info: Redefining spanish shorthand "~
(babel)             in language  on input line 177.
Package babel Info: Redefining spanish shorthand "!
(babel)             in language  on input line 177.
Package babel Info: Redefining spanish shorthand "?
(babel)             in language  on input line 177.
 [2]
Package babel Info: Redefining spanish shorthand <<
(babel)             in language  on input line 179.
Package babel Info: Redefining spanish shorthand >>
(babel)             in language  on input line 179.
Package babel Info: Redefining spanish shorthand "=
(babel)             in language  on input line 179.
Package babel Info: Redefining spanish shorthand "~
(babel)             in language  on input line 179.
Package babel Info: Redefining spanish shorthand "!
(babel)             in language  on input line 179.
Package babel Info: Redefining spanish shorthand "?
(babel)             in language  on input line 179.
 (./codes/tarea6.cpp)
Package babel Info: Redefining spanish shorthand <<
(babel)             in language  on input line 195.
Package babel Info: Redefining spanish shorthand >>
(babel)             in language  on input line 195.
Package babel Info: Redefining spanish shorthand "=
(babel)             in language  on input line 195.
Package babel Info: Redefining spanish shorthand "~
(babel)             in language  on input line 195.
Package babel Info: Redefining spanish shorthand "!
(babel)             in language  on input line 195.
Package babel Info: Redefining spanish shorthand "?
(babel)             in language  on input line 195.
Package babel Info: Redefining spanish shorthand <<
(babel)             in language  on input line 195.
Package babel Info: Redefining spanish shorthand >>
(babel)             in language  on input line 195.
Package babel Info: Redefining spanish shorthand "=
(babel)             in language  on input line 195.
Package babel Info: Redefining spanish shorthand "~
(babel)             in language  on input line 195.
Package babel Info: Redefining spanish shorthand "!
(babel)             in language  on input line 195.
Package babel Info: Redefining spanish shorthand "?
(babel)             in language  on input line 195.
 [3] (./codes/tarea6.cpp) (./codes/tarea6.cpp)
Package babel Info: Redefining spanish shorthand <<
(babel)             in language  on input line 214.
Package babel Info: Redefining spanish shorthand >>
(babel)             in language  on input line 214.
Package babel Info: Redefining spanish shorthand "=
(babel)             in language  on input line 214.
Package babel Info: Redefining spanish shorthand "~
(babel)             in language  on input line 214.
Package babel Info: Redefining spanish shorthand "!
(babel)             in language  on input line 214.
Package babel Info: Redefining spanish shorthand "?
(babel)             in language  on input line 214.
Package babel Info: Redefining spanish shorthand <<
(babel)             in language  on input line 214.
Package babel Info: Redefining spanish shorthand >>
(babel)             in language  on input line 214.
Package babel Info: Redefining spanish shorthand "=
(babel)             in language  on input line 214.
Package babel Info: Redefining spanish shorthand "~
(babel)             in language  on input line 214.
Package babel Info: Redefining spanish shorthand "!
(babel)             in language  on input line 214.
Package babel Info: Redefining spanish shorthand "?
(babel)             in language  on input line 214.

[4]
Package babel Info: Redefining spanish shorthand <<
(babel)             in language  on input line 216.
Package babel Info: Redefining spanish shorthand >>
(babel)             in language  on input line 216.
Package babel Info: Redefining spanish shorthand "=
(babel)             in language  on input line 216.
Package babel Info: Redefining spanish shorthand "~
(babel)             in language  on input line 216.
Package babel Info: Redefining spanish shorthand "!
(babel)             in language  on input line 216.
Package babel Info: Redefining spanish shorthand "?
(babel)             in language  on input line 216.
<./imagenes/img1.png, id=174, 835.12pt x 654.445pt>
File: ./imagenes/img1.png Graphic file (type png)
<use ./imagenes/img1.png>
Package pdftex.def Info: ./imagenes/img1.png  used on input line 219.
(pdftex.def)             Requested size: 208.77948pt x 163.61084pt.
<./imagenes/img2.png, id=176, 835.12pt x 662.475pt>
File: ./imagenes/img2.png Graphic file (type png)
<use ./imagenes/img2.png>
Package pdftex.def Info: ./imagenes/img2.png  used on input line 220.
(pdftex.def)             Requested size: 208.77948pt x 165.61835pt.
<./imagenes/captura.png, id=177, 508.90125pt x 708.6475pt>
File: ./imagenes/captura.png Graphic file (type png)
<use ./imagenes/captura.png>
Package pdftex.def Info: ./imagenes/captura.png  used on input line 222.
(pdftex.def)             Requested size: 203.55688pt x 283.45398pt.
Package atveryend Info: Empty hook `BeforeClearDocument' on input line 224.
Package babel Info: Redefining spanish shorthand <<
(babel)             in language  on input line 224.
Package babel Info: Redefining spanish shorthand >>
(babel)             in language  on input line 224.
Package babel Info: Redefining spanish shorthand "=
(babel)             in language  on input line 224.
Package babel Info: Redefining spanish shorthand "~
(babel)             in language  on input line 224.
Package babel Info: Redefining spanish shorthand "!
(babel)             in language  on input line 224.
Package babel Info: Redefining spanish shorthand "?
(babel)             in language  on input line 224.
Package babel Info: Redefining spanish shorthand <<
(babel)             in language  on input line 224.
Package babel Info: Redefining spanish shorthand >>
(babel)             in language  on input line 224.
Package babel Info: Redefining spanish shorthand "=
(babel)             in language  on input line 224.
Package babel Info: Redefining spanish shorthand "~
(babel)             in language  on input line 224.
Package babel Info: Redefining spanish shorthand "!
(babel)             in language  on input line 224.
Package babel Info: Redefining spanish shorthand "?
(babel)             in language  on input line 224.
 [5 <./imagenes/img1.png> <./imagenes/img2.png> <./imagenes/captura.png>]
Package atveryend Info: Empty hook `AfterLastShipout' on input line 224.

(build/informeT6.aux
LaTeX Info: Redefining \. on input line 23.
LaTeX Info: Redefining \% on input line 23.
)
Package atveryend Info: Executing hook `AtVeryEndDocument' on input line 224.
Package atveryend Info: Executing hook `AtEndAfterFileList' on input line 224.
Package rerunfilecheck Info: File `informeT6.out' has not changed.
(rerunfilecheck)             Checksum: <no file>.
Package atveryend Info: Empty hook `AtVeryVeryEnd' on input line 224.
 ) 
Here is how much of TeX's memory you used:
 15270 strings out of 492982
 213379 string characters out of 6134895
 625552 words of memory out of 5000000
 18499 multiletter control sequences out of 15000+600000
 13880 words of font info for 58 fonts, out of 8000000 for 9000
 1141 hyphenation exceptions out of 8191
 36i,14n,58p,428b,1403s stack positions out of 5000i,500n,10000p,200000b,80000s
</usr/share/texlive/texmf-dist/fonts/type1/public/amsfonts/cm/cmbx10.pfb></us
r/share/texlive/texmf-dist/fonts/type1/public/amsfonts/cm/cmbx12.pfb></usr/shar
e/texlive/texmf-dist/fonts/type1/public/amsfonts/cm/cmcsc10.pfb></usr/share/tex
live/texmf-dist/fonts/type1/public/amsfonts/cm/cmr10.pfb></usr/share/texlive/te
xmf-dist/fonts/type1/public/amsfonts/cm/cmr12.pfb></usr/share/texlive/texmf-dis
t/fonts/type1/public/amsfonts/cm/cmr17.pfb></usr/share/texlive/texmf-dist/fonts
/type1/public/amsfonts/cm/cmr5.pfb></usr/share/texlive/texmf-dist/fonts/type1/p
ublic/amsfonts/cm/cmr8.pfb></usr/share/texlive/texmf-dist/fonts/type1/public/am
sfonts/cm/cmsy10.pfb></usr/share/texlive/texmf-dist/fonts/type1/public/amsfonts
/cm/cmsy7.pfb></usr/share/texlive/texmf-dist/fonts/type1/public/amsfonts/cm/cmt
i10.pfb></usr/share/texlive/texmf-dist/fonts/type1/public/amsfonts/cm/cmtt10.pf
b></usr/share/texlive/texmf-dist/fonts/type1/public/amsfonts/cm/cmtt8.pfb>
Output written on build/informeT6.pdf (6 pages, 418082 bytes).
PDF statistics:
 262 PDF objects out of 1000 (max. 8388607)
 230 compressed objects within 3 object streams
 133 named destinations out of 1000 (max. 500000)
 53 words of extra memory for PDF output out of 10000 (max. 10000000)

